<?xml version="1.0" encoding="UTF-8"?>
<testsuite name="com.SebMainTeam13.team13.Team13ApplicationTests" tests="1" skipped="0" failures="0" errors="0" timestamp="2023-03-13T00:11:23" hostname="DESKTOP-UMNQVNU" time="0.101">
  <properties/>
  <testcase name="contextLoads()" classname="com.SebMainTeam13.team13.Team13ApplicationTests" time="0.101"/>
  <system-out><![CDATA[09:11:18.865 [Test worker] DEBUG org.springframework.test.context.BootstrapUtils - Instantiating CacheAwareContextLoaderDelegate from class [org.springframework.test.context.cache.DefaultCacheAwareContextLoaderDelegate]
09:11:18.876 [Test worker] DEBUG org.springframework.test.context.BootstrapUtils - Instantiating BootstrapContext using constructor [public org.springframework.test.context.support.DefaultBootstrapContext(java.lang.Class,org.springframework.test.context.CacheAwareContextLoaderDelegate)]
09:11:18.906 [Test worker] DEBUG org.springframework.test.context.BootstrapUtils - Instantiating TestContextBootstrapper for test class [com.SebMainTeam13.team13.Team13ApplicationTests] from class [org.springframework.boot.test.context.SpringBootTestContextBootstrapper]
09:11:18.917 [Test worker] INFO org.springframework.boot.test.context.SpringBootTestContextBootstrapper - Neither @ContextConfiguration nor @ContextHierarchy found for test class [com.SebMainTeam13.team13.Team13ApplicationTests], using SpringBootContextLoader
09:11:18.922 [Test worker] DEBUG org.springframework.test.context.support.AbstractContextLoader - Did not detect default resource location for test class [com.SebMainTeam13.team13.Team13ApplicationTests]: class path resource [com/SebMainTeam13/team13/Team13ApplicationTests-context.xml] does not exist
09:11:18.922 [Test worker] DEBUG org.springframework.test.context.support.AbstractContextLoader - Did not detect default resource location for test class [com.SebMainTeam13.team13.Team13ApplicationTests]: class path resource [com/SebMainTeam13/team13/Team13ApplicationTestsContext.groovy] does not exist
09:11:18.923 [Test worker] INFO org.springframework.test.context.support.AbstractContextLoader - Could not detect default resource locations for test class [com.SebMainTeam13.team13.Team13ApplicationTests]: no resource found for suffixes {-context.xml, Context.groovy}.
09:11:18.924 [Test worker] INFO org.springframework.test.context.support.AnnotationConfigContextLoaderUtils - Could not detect default configuration classes for test class [com.SebMainTeam13.team13.Team13ApplicationTests]: Team13ApplicationTests does not declare any static, non-private, non-final, nested classes annotated with @Configuration.
09:11:18.969 [Test worker] DEBUG org.springframework.test.context.support.ActiveProfilesUtils - Could not find an 'annotation declaring class' for annotation type [org.springframework.test.context.ActiveProfiles] and class [com.SebMainTeam13.team13.Team13ApplicationTests]
09:11:19.032 [Test worker] DEBUG org.springframework.context.annotation.ClassPathScanningCandidateComponentProvider - Identified candidate component class: file [C:\Users\owner\Desktop\새 폴더 (2)\seb42_main_013\server\build\classes\java\main\com\SebMainTeam13\team13\Team13Application.class]
09:11:19.033 [Test worker] INFO org.springframework.boot.test.context.SpringBootTestContextBootstrapper - Found @SpringBootConfiguration com.SebMainTeam13.team13.Team13Application for test class com.SebMainTeam13.team13.Team13ApplicationTests
09:11:19.145 [Test worker] DEBUG org.springframework.boot.test.context.SpringBootTestContextBootstrapper - @TestExecutionListeners is not present for class [com.SebMainTeam13.team13.Team13ApplicationTests]: using defaults.
09:11:19.145 [Test worker] INFO org.springframework.boot.test.context.SpringBootTestContextBootstrapper - Loaded default TestExecutionListener class names from location [META-INF/spring.factories]: [org.springframework.security.test.context.support.WithSecurityContextTestExecutionListener, org.springframework.security.test.context.support.ReactorContextTestExecutionListener, org.springframework.boot.test.autoconfigure.restdocs.RestDocsTestExecutionListener, org.springframework.boot.test.autoconfigure.web.client.MockRestServiceServerResetTestExecutionListener, org.springframework.boot.test.autoconfigure.web.servlet.MockMvcPrintOnlyOnFailureTestExecutionListener, org.springframework.boot.test.autoconfigure.web.servlet.WebDriverTestExecutionListener, org.springframework.boot.test.autoconfigure.webservices.client.MockWebServiceServerTestExecutionListener, org.springframework.boot.test.mock.mockito.MockitoTestExecutionListener, org.springframework.boot.test.mock.mockito.ResetMocksTestExecutionListener, org.springframework.test.context.web.ServletTestExecutionListener, org.springframework.test.context.support.DirtiesContextBeforeModesTestExecutionListener, org.springframework.test.context.event.ApplicationEventsTestExecutionListener, org.springframework.test.context.support.DependencyInjectionTestExecutionListener, org.springframework.test.context.support.DirtiesContextTestExecutionListener, org.springframework.test.context.transaction.TransactionalTestExecutionListener, org.springframework.test.context.jdbc.SqlScriptsTestExecutionListener, org.springframework.test.context.event.EventPublishingTestExecutionListener]
09:11:19.162 [Test worker] INFO org.springframework.boot.test.context.SpringBootTestContextBootstrapper - Using TestExecutionListeners: [org.springframework.test.context.web.ServletTestExecutionListener@24b52d3e, org.springframework.test.context.support.DirtiesContextBeforeModesTestExecutionListener@15deb1dc, org.springframework.test.context.event.ApplicationEventsTestExecutionListener@6e9c413e, org.springframework.boot.test.mock.mockito.MockitoTestExecutionListener@57a4d5ee, org.springframework.boot.test.autoconfigure.SpringBootDependencyInjectionTestExecutionListener@5af5def9, org.springframework.test.context.support.DirtiesContextTestExecutionListener@3a45c42a, org.springframework.test.context.transaction.TransactionalTestExecutionListener@36dce7ed, org.springframework.test.context.jdbc.SqlScriptsTestExecutionListener@47a64f7d, org.springframework.security.test.context.support.WithSecurityContextTestExecutionListener@33d05366, org.springframework.test.context.event.EventPublishingTestExecutionListener@27a0a5a2, org.springframework.security.test.context.support.ReactorContextTestExecutionListener@7692cd34, org.springframework.boot.test.autoconfigure.restdocs.RestDocsTestExecutionListener@33aa93c, org.springframework.boot.test.autoconfigure.web.client.MockRestServiceServerResetTestExecutionListener@32c0915e, org.springframework.boot.test.autoconfigure.web.servlet.MockMvcPrintOnlyOnFailureTestExecutionListener@106faf11, org.springframework.boot.test.autoconfigure.web.servlet.WebDriverTestExecutionListener@70f43b45, org.springframework.boot.test.autoconfigure.webservices.client.MockWebServiceServerTestExecutionListener@26d10f2e, org.springframework.boot.test.mock.mockito.ResetMocksTestExecutionListener@10ad20cb]
09:11:19.165 [Test worker] DEBUG org.springframework.test.context.support.AbstractDirtiesContextTestExecutionListener - Before test class: context [DefaultTestContext@6a175569 testClass = Team13ApplicationTests, testInstance = [null], testMethod = [null], testException = [null], mergedContextConfiguration = [WebMergedContextConfiguration@11963225 testClass = Team13ApplicationTests, locations = '{}', classes = '{class com.SebMainTeam13.team13.Team13Application}', contextInitializerClasses = '[]', activeProfiles = '{}', propertySourceLocations = '{}', propertySourceProperties = '{org.springframework.boot.test.context.SpringBootTestContextBootstrapper=true}', contextCustomizers = set[org.springframework.boot.test.autoconfigure.actuate.metrics.MetricsExportContextCustomizerFactory$DisableMetricExportContextCustomizer@531c311e, org.springframework.boot.test.autoconfigure.properties.PropertyMappingContextCustomizer@0, org.springframework.boot.test.autoconfigure.web.servlet.WebDriverContextCustomizerFactory$Customizer@5b43fbf6, org.springframework.boot.test.context.filter.ExcludeFilterContextCustomizer@a4b2d8f, org.springframework.boot.test.json.DuplicateJsonObjectContextCustomizerFactory$DuplicateJsonObjectContextCustomizer@2fea7088, org.springframework.boot.test.mock.mockito.MockitoContextCustomizer@0, org.springframework.boot.test.web.client.TestRestTemplateContextCustomizer@16ecee1, org.springframework.boot.test.context.SpringBootTestArgs@1, org.springframework.boot.test.context.SpringBootTestWebEnvironment@609bcfb6], resourceBasePath = 'src/main/webapp', contextLoader = 'org.springframework.boot.test.context.SpringBootContextLoader', parent = [null]], attributes = map['org.springframework.test.context.web.ServletTestExecutionListener.activateListener' -> true]], class annotated with @DirtiesContext [false] with mode [null].

  .   ____          _            __ _ _
 /\\ / ___'_ __ _ _(_)_ __  __ _ \ \ \ \
( ( )\___ | '_ | '_| | '_ \/ _` | \ \ \ \
 \\/  ___)| |_)| | | | | || (_| |  ) ) ) )
  '  |____| .__|_| |_|_| |_\__, | / / / /
 =========|_|==============|___/=/_/_/_/
 :: Spring Boot ::                (v2.7.6)

2023-03-13 09:11:19.532  INFO 9628 --- [    Test worker] c.S.team13.Team13ApplicationTests        : Starting Team13ApplicationTests using Java 11.0.17 on DESKTOP-UMNQVNU with PID 9628 (started by owner in C:\Users\owner\Desktop\새 폴더 (2)\seb42_main_013\server)
2023-03-13 09:11:19.533  INFO 9628 --- [    Test worker] c.S.team13.Team13ApplicationTests        : The following 1 profile is active: "h2"
2023-03-13 09:11:19.562  WARN 9628 --- [    Test worker] o.s.b.c.config.ConfigDataEnvironment     : Property 'spring.profiles' imported from location 'class path resource [application.yaml]' is invalid and should be replaced with 'spring.config.activate.on-profile' [origin: class path resource [application.yaml] - 6:13]
2023-03-13 09:11:20.304  INFO 9628 --- [    Test worker] .s.d.r.c.RepositoryConfigurationDelegate : Bootstrapping Spring Data JPA repositories in DEFAULT mode.
2023-03-13 09:11:20.391  INFO 9628 --- [    Test worker] .s.d.r.c.RepositoryConfigurationDelegate : Finished Spring Data repository scanning in 77 ms. Found 2 JPA repository interfaces.
2023-03-13 09:11:20.963 DEBUG 9628 --- [    Test worker] j.LocalContainerEntityManagerFactoryBean : Building JPA container EntityManagerFactory for persistence unit 'default'
2023-03-13 09:11:20.983  INFO 9628 --- [    Test worker] o.hibernate.jpa.internal.util.LogHelper  : HHH000204: Processing PersistenceUnitInfo [name: default]
2023-03-13 09:11:21.035  INFO 9628 --- [    Test worker] org.hibernate.Version                    : HHH000412: Hibernate ORM core version 5.6.14.Final
2023-03-13 09:11:21.208  INFO 9628 --- [    Test worker] o.hibernate.annotations.common.Version   : HCANN000001: Hibernate Commons Annotations {5.1.2.Final}
2023-03-13 09:11:21.335  INFO 9628 --- [    Test worker] com.zaxxer.hikari.HikariDataSource       : HikariPool-1 - Starting...
2023-03-13 09:11:21.518  INFO 9628 --- [    Test worker] com.zaxxer.hikari.HikariDataSource       : HikariPool-1 - Start completed.
2023-03-13 09:11:21.553  INFO 9628 --- [    Test worker] org.hibernate.dialect.Dialect            : HHH000400: Using dialect: org.hibernate.dialect.H2Dialect
Hibernate: 
    
    drop table if exists role CASCADE 
Hibernate: 
    
    drop table if exists user_roles CASCADE 
Hibernate: 
    
    drop table if exists user_role CASCADE 
Hibernate: 
    
    drop table if exists users CASCADE 
Hibernate: 
    
    drop sequence if exists hibernate_sequence
Hibernate: create sequence hibernate_sequence start with 1 increment by 1
Hibernate: 
    
    create table role (
       role_id bigint not null,
        role_desc varchar(255),
        role_name varchar(255),
        primary key (role_id)
    )
Hibernate: 
    
    create table user_roles (
       user_user_id bigint not null,
        roles varchar(255)
    )
Hibernate: 
    
    create table user_role (
       user_role_id bigint not null,
        role_id bigint,
        user_id bigint,
        primary key (user_role_id)
    )
Hibernate: 
    
    create table users (
       user_id bigint generated by default as identity,
        display_name varchar(255),
        email varchar(255) not null,
        password varchar(100) not null,
        user_status varchar(255),
        primary key (user_id)
    )
Hibernate: 
    
    alter table users 
       add constraint UK_6dotkott2kjsp8vw4d0m25fb7 unique (email)
Hibernate: 
    
    alter table user_roles 
       add constraint FK5gikiw021w6y16a8t5vjwqwyj 
       foreign key (user_user_id) 
       references users
Hibernate: 
    
    alter table user_role 
       add constraint FKa68196081fvovjhkek5m97n3y 
       foreign key (role_id) 
       references role
Hibernate: 
    
    alter table user_role 
       add constraint FKj345gk1bovqvfame88rcx7yyx 
       foreign key (user_id) 
       references users
2023-03-13 09:11:22.171  INFO 9628 --- [    Test worker] o.h.e.t.j.p.i.JtaPlatformInitiator       : HHH000490: Using JtaPlatform implementation: [org.hibernate.engine.transaction.jta.platform.internal.NoJtaPlatform]
2023-03-13 09:11:22.180  INFO 9628 --- [    Test worker] j.LocalContainerEntityManagerFactoryBean : Initialized JPA EntityManagerFactory for persistence unit 'default'
2023-03-13 09:11:22.287 DEBUG 9628 --- [    Test worker] tor$SharedEntityManagerInvocationHandler : Creating new EntityManager for shared EntityManager invocation
2023-03-13 09:11:22.337 DEBUG 9628 --- [    Test worker] tor$SharedEntityManagerInvocationHandler : Creating new EntityManager for shared EntityManager invocation
2023-03-13 09:11:22.391 DEBUG 9628 --- [    Test worker] tor$SharedEntityManagerInvocationHandler : Creating new EntityManager for shared EntityManager invocation
2023-03-13 09:11:22.451 DEBUG 9628 --- [    Test worker] tor$SharedEntityManagerInvocationHandler : Creating new EntityManager for shared EntityManager invocation
2023-03-13 09:11:22.846  INFO 9628 --- [    Test worker] o.s.s.web.DefaultSecurityFilterChain     : Will secure any request with [org.springframework.security.web.session.DisableEncodeUrlFilter@1659d7d, org.springframework.security.web.context.request.async.WebAsyncManagerIntegrationFilter@6892d403, org.springframework.security.web.context.SecurityContextPersistenceFilter@7827cdfc, org.springframework.security.web.header.HeaderWriterFilter@11267e87, org.springframework.web.filter.CorsFilter@3fb42ec7, org.springframework.security.web.authentication.logout.LogoutFilter@574e4184, org.springframework.security.oauth2.client.web.OAuth2AuthorizationRequestRedirectFilter@22a8c837, org.springframework.security.oauth2.client.web.OAuth2LoginAuthenticationFilter@13edc1bc, com.SebMainTeam13.team13.security.filter.JwtVerificationFilter@1f7b1d6a, org.springframework.security.web.savedrequest.RequestCacheAwareFilter@43cf97a8, org.springframework.security.web.servletapi.SecurityContextHolderAwareRequestFilter@c555e1e, org.springframework.security.web.authentication.AnonymousAuthenticationFilter@32d8e58d, org.springframework.security.web.session.SessionManagementFilter@99f75e4, org.springframework.security.web.access.ExceptionTranslationFilter@689ea211, org.springframework.security.web.access.intercept.AuthorizationFilter@7611e295]
2023-03-13 09:11:22.863  INFO 9628 --- [    Test worker] o.s.s.web.DefaultSecurityFilterChain     : Will secure any request with [org.springframework.security.web.session.DisableEncodeUrlFilter@3eb8057c, org.springframework.security.web.context.request.async.WebAsyncManagerIntegrationFilter@be186df, org.springframework.security.web.context.SecurityContextPersistenceFilter@38318d67, org.springframework.security.web.header.HeaderWriterFilter@28200d43, org.springframework.security.web.authentication.logout.LogoutFilter@7d12fb85, org.springframework.security.web.authentication.UsernamePasswordAuthenticationFilter@71db6703, org.springframework.security.web.savedrequest.RequestCacheAwareFilter@3af6c672, org.springframework.security.web.servletapi.SecurityContextHolderAwareRequestFilter@12948e7a, org.springframework.security.web.authentication.AnonymousAuthenticationFilter@2c257c0a, org.springframework.security.web.session.SessionManagementFilter@7e24a2e2, org.springframework.security.web.access.ExceptionTranslationFilter@4c89c98a, org.springframework.security.web.access.intercept.AuthorizationFilter@39007725]
2023-03-13 09:11:23.027  WARN 9628 --- [    Test worker] JpaBaseConfiguration$JpaWebConfiguration : spring.jpa.open-in-view is enabled by default. Therefore, database queries may be performed during view rendering. Explicitly configure spring.jpa.open-in-view to disable this warning
2023-03-13 09:11:23.273  INFO 9628 --- [    Test worker] o.s.b.a.h2.H2ConsoleAutoConfiguration    : H2 console available at '/h2'. Database available at 'jdbc:h2:mem:test'
2023-03-13 09:11:23.453 DEBUG 9628 --- [    Test worker] tor$SharedEntityManagerInvocationHandler : Creating new EntityManager for shared EntityManager invocation
2023-03-13 09:11:23.455 DEBUG 9628 --- [    Test worker] tor$SharedEntityManagerInvocationHandler : Creating new EntityManager for shared EntityManager invocation
2023-03-13 09:11:23.461 DEBUG 9628 --- [    Test worker] tor$SharedEntityManagerInvocationHandler : Creating new EntityManager for shared EntityManager invocation
2023-03-13 09:11:23.624  INFO 9628 --- [    Test worker] c.S.team13.Team13ApplicationTests        : Started Team13ApplicationTests in 4.429 seconds (JVM running for 5.689)
]]></system-out>
  <system-err><![CDATA[]]></system-err>
</testsuite>
